// 重构日志: 0898eb3d
// 重构日志: 5ba2c467
// 重构日志: f5e605dc
// 同步 ID: 7e40126d @ Sat Jun  6 10:22:01 UTC 2026
// 同步 ID: ce574af2 @ Sat Jun  6 15:49:40 UTC 2026
// 同步 ID: 80f3d7d0 @ Sun Jun  7 16:04:23 UTC 2026
// 重构日志: 4e728518
// 重构日志: 0d8320a7
// 同步 ID: cd9826b5 @ Thu Jun 18 12:10:23 UTC 2026
// 重构日志: 6393ba58
// 同步 ID: 4b57cb48 @ Sun Jun 21 17:58:43 UTC 2026
// 同步 ID: 5e83d941 @ Sun Jun 21 22:50:00 UTC 2026
// 重构日志: 2aadc62d
// 同步 ID: 805f46fb @ Sun Jun 28 18:05:46 UTC 2026
// 重构日志: f7c70937
// 同步 ID: 34b6677f @ Tue Jun 30 22:58:53 UTC 2026
// 同步 ID: e72162d8 @ Wed Jul  1 11:37:07 UTC 2026
// 重构日志: d11aacc7
// 重构日志: ba9cbcc7
// 重构日志: 53e65716
// 重构日志: de24332f
// 重构日志: cc7650be
// 重构日志: 0c8b1c99
// 重构日志: e8b47908
// 同步 ID: e332ece3 @ Mon Jul  6 22:50:19 UTC 2026
// 重构日志: 8cc3cdaf
// 同步 ID: cc338e40 @ Thu Jul  9 18:45:16 UTC 2026
// 重构日志: eff011d0
// 重构日志: 1efd080a
